<?xml version="1.0" encoding="UTF-8"?>
<testsuite name="com.cryptext.utils.StringMethodsTest" tests="3" skipped="0" failures="0" errors="0" timestamp="2020-03-13T20:02:35" hostname="DESKTOP-83ACDLV" time="0.003">
  <properties/>
  <testcase name="When_GetNameDBIsCalled_Expect_CorrectStringReturned" classname="com.cryptext.utils.StringMethodsTest" time="0.003"/>
  <testcase name="When_CheckExtensionIsCalled_Expect_CorrectStringReturned" classname="com.cryptext.utils.StringMethodsTest" time="0.0"/>
  <testcase name="When_ContainsIgnoreCaseIsCalled_Expect_CorrectResult" classname="com.cryptext.utils.StringMethodsTest" time="0.0"/>
  <system-out><![CDATA[]]></system-out>
  <system-err><![CDATA[]]></system-err>
</testsuite>
